<?xml version="1.0" encoding="UTF-8" ?>
<testsuite tests="4" failures="0" name="mtry.se.iv1350.sem3.model.SaleItemListTest" time="0.001" errors="0" skipped="0">
  <properties>
    <property name="java.runtime.name" value="Java(TM) SE Runtime Environment"/>
    <property name="java.vm.version" value="15.0.1+9-18"/>
    <property name="sun.boot.library.path" value="C:\Program Files\Java\jdk-15.0.1\bin"/>
    <property name="maven.multiModuleProjectDirectory" value="C:\kth\IV1350 VT 23-2 Objektdesign\sem_3\sem3"/>
    <property name="java.vm.vendor" value="Oracle Corporation"/>
    <property name="java.vendor.url" value="https://java.oracle.com/"/>
    <property name="guice.disable.misplaced.annotation.check" value="true"/>
    <property name="path.separator" value=";"/>
    <property name="java.vm.name" value="Java HotSpot(TM) 64-Bit Server VM"/>
    <property name="sun.os.patch.level" value=""/>
    <property name="user.script" value=""/>
    <property name="user.country" value="SE"/>
    <property name="sun.java.launcher" value="SUN_STANDARD"/>
    <property name="java.vm.specification.name" value="Java Virtual Machine Specification"/>
    <property name="user.dir" value="C:\kth\IV1350 VT 23-2 Objektdesign\sem_3\sem3"/>
    <property name="java.vm.compressedOopsMode" value="Zero based"/>
    <property name="java.runtime.version" value="15.0.1+9-18"/>
    <property name="os.arch" value="amd64"/>
    <property name="java.io.tmpdir" value="C:\Users\mtrys\AppData\Local\Temp\"/>
    <property name="line.separator" value="
"/>
    <property name="java.vm.specification.vendor" value="Oracle Corporation"/>
    <property name="user.variant" value=""/>
    <property name="os.name" value="Windows 10"/>
    <property name="maven.ext.class.path" value="C:\Program Files\NetBeans-17\netbeans\java\maven-nblib\netbeans-eventspy.jar"/>
    <property name="classworlds.conf" value="C:\Program Files\NetBeans-17\netbeans\java\maven\bin\m2.conf"/>
    <property name="sun.jnu.encoding" value="Cp1252"/>
    <property name="java.library.path" value="C:\Program Files\Java\jdk-15.0.1\bin;C:\WINDOWS\Sun\Java\bin;C:\WINDOWS\system32;C:\WINDOWS;C:\Program Files\ImageMagick-7.1.0-Q16-HDRI;C:\Program Files\AdoptOpenJDK\jdk-11.0.11.9-hotspot\bin;C:\Program Files\Common Files\Oracle\Java\javapath;C:\Program Files (x86)\Common Files\Oracle\Java\javapath;C:\WINDOWS\system32;C:\WINDOWS;C:\WINDOWS\System32\Wbem;C:\WINDOWS\System32\WindowsPowerShell\v1.0\;C:\WINDOWS\System32\OpenSSH\;C:\Program Files\Intel\WiFi\bin\;C:\Program Files\Common Files\Intel\WirelessCommon\;C:\MinGW\bin;C:\Program Files\Wolfram Research\WolframScript\;C:\Program Files\erl-24.1.4\bin;C:\Program Files (x86)\Elixir\bin;C:\WINDOWS\system32\config\systemprofile\.mix\escripts;C:\Program Files\Git\cmd;C:\Program Files\nodejs\;C:\Program Files\gnuplot\bin;C:\Program Files\Docker\Docker\resources\bin;C:\Program Files\PuTTY\;C:\Users\mtrys\AppData\Local\Microsoft\WindowsApps;C:\Users\mtrys\AppData\Local\Programs\Microsoft VS Code\bin;C:\Users\mtrys\AppData\Local\GitHubDesktop\bin;C:\texlive\2021\bin\win32;C:\Users\mtrys\AppData\Roaming\npm;;."/>
    <property name="maven.conf" value="C:\Program Files\NetBeans-17\netbeans\java\maven/conf"/>
    <property name="jdk.debug" value="release"/>
    <property name="java.class.version" value="59.0"/>
    <property name="java.specification.name" value="Java Platform API Specification"/>
    <property name="sun.management.compiler" value="HotSpot 64-Bit Tiered Compilers"/>
    <property name="os.version" value="10.0"/>
    <property name="library.jansi.path" value="C:\Program Files\NetBeans-17\netbeans\java\maven\lib\jansi-native"/>
    <property name="user.home" value="C:\Users\mtrys"/>
    <property name="user.timezone" value="Europe/Stockholm"/>
    <property name="file.encoding" value="UTF-8"/>
    <property name="java.specification.version" value="15"/>
    <property name="user.name" value="mtrys"/>
    <property name="java.class.path" value="C:\Program Files\NetBeans-17\netbeans\java\maven\boot\plexus-classworlds-2.6.0.jar"/>
    <property name="java.vm.specification.version" value="15"/>
    <property name="sun.arch.data.model" value="64"/>
    <property name="sun.java.command" value="org.codehaus.plexus.classworlds.launcher.Launcher -Dmaven.ext.class.path=C:\Program Files\NetBeans-17\netbeans\java\maven-nblib\netbeans-eventspy.jar -Dfile.encoding=UTF-8 --no-transfer-progress test"/>
    <property name="java.home" value="C:\Program Files\Java\jdk-15.0.1"/>
    <property name="user.language" value="sv"/>
    <property name="java.specification.vendor" value="Oracle Corporation"/>
    <property name="java.vm.info" value="mixed mode, sharing"/>
    <property name="java.version" value="15.0.1"/>
    <property name="java.vendor" value="Oracle Corporation"/>
    <property name="maven.home" value="C:\Program Files\NetBeans-17\netbeans\java\maven"/>
    <property name="file.separator" value="\"/>
    <property name="java.version.date" value="2020-10-20"/>
    <property name="java.vendor.url.bug" value="https://bugreport.java.com/bugreport/"/>
    <property name="sun.io.unicode.encoding" value="UnicodeLittle"/>
    <property name="sun.cpu.endian" value="little"/>
    <property name="sun.cpu.isalist" value="amd64"/>
  </properties>
  <testcase classname="mtry.se.iv1350.sem3.model.SaleItemListTest" name="mtry.se.iv1350.sem3.model.SaleItemListTest.testGetItemDTO" time="0"/>
  <testcase classname="mtry.se.iv1350.sem3.model.SaleItemListTest" name="mtry.se.iv1350.sem3.model.SaleItemListTest.testAdditem" time="0.001"/>
  <testcase classname="mtry.se.iv1350.sem3.model.SaleItemListTest" name="mtry.se.iv1350.sem3.model.SaleItemListTest.testGetPriseBrutto" time="0"/>
  <testcase classname="mtry.se.iv1350.sem3.model.SaleItemListTest" name="mtry.se.iv1350.sem3.model.SaleItemListTest.testGetPrise" time="0"/>
</testsuite>